c:\users\hp\source\repos\fyp\fyp\debug\vc142.pdb
c:\users\hp\source\repos\fyp\fyp\debug\vc142.idb
c:\users\hp\source\repos\fyp\fyp\debug\precalculated_attack_masks.obj
c:\users\hp\source\repos\fyp\fyp\debug\gameattributes.obj
c:\users\hp\source\repos\fyp\fyp\debug\piece.obj
c:\users\hp\source\repos\fyp\fyp\debug\pawn.obj
c:\users\hp\source\repos\fyp\fyp\debug\main.obj
c:\users\hp\source\repos\fyp\fyp\debug\king.obj
c:\users\hp\source\repos\fyp\fyp\debug\source.obj
c:\users\hp\source\repos\fyp\fyp\debug\game_pretty.obj
c:\users\hp\source\repos\fyp\fyp\debug\precalculations.obj
c:\users\hp\source\repos\fyp\debug\fyp.exe
c:\users\hp\source\repos\fyp\debug\fyp.ilk
c:\users\hp\source\repos\fyp\debug\fyp.pdb
c:\users\hp\source\repos\fyp\fyp\debug\fyp.tlog\cl.command.1.tlog
c:\users\hp\source\repos\fyp\fyp\debug\fyp.tlog\cl.read.1.tlog
c:\users\hp\source\repos\fyp\fyp\debug\fyp.tlog\cl.write.1.tlog
c:\users\hp\source\repos\fyp\fyp\debug\fyp.tlog\link.command.1.tlog
c:\users\hp\source\repos\fyp\fyp\debug\fyp.tlog\link.read.1.tlog
c:\users\hp\source\repos\fyp\fyp\debug\fyp.tlog\link.write.1.tlog
