d:\github\fyp-rl-chess-cpp\fyp\x64\debug\vc142.pdb
d:\github\fyp-rl-chess-cpp\fyp\x64\debug\vc142.idb
d:\github\fyp-rl-chess-cpp\fyp\x64\debug\source.obj
d:\github\fyp-rl-chess-cpp\fyp\x64\debug\pre_calculation_utilities.obj
d:\github\fyp-rl-chess-cpp\fyp\x64\debug\move.obj
d:\github\fyp-rl-chess-cpp\fyp\x64\debug\main.obj
d:\github\fyp-rl-chess-cpp\fyp\x64\debug\iterator.obj
d:\github\fyp-rl-chess-cpp\fyp\x64\debug\general_utilities.obj
d:\github\fyp-rl-chess-cpp\fyp\x64\debug\game_pretty.obj
d:\github\fyp-rl-chess-cpp\fyp\x64\debug\fen_utility.obj
d:\github\fyp-rl-chess-cpp\fyp\x64\debug\engine.obj
d:\github\fyp-rl-chess-cpp\fyp\x64\debug\player.obj
d:\github\fyp-rl-chess-cpp\x64\debug\fyp.exe
d:\github\fyp-rl-chess-cpp\x64\debug\fyp.ilk
d:\github\fyp-rl-chess-cpp\x64\debug\fyp.pdb
d:\github\fyp-rl-chess-cpp\fyp\x64\debug\fyp.tlog\cl.command.1.tlog
d:\github\fyp-rl-chess-cpp\fyp\x64\debug\fyp.tlog\cl.read.1.tlog
d:\github\fyp-rl-chess-cpp\fyp\x64\debug\fyp.tlog\cl.write.1.tlog
d:\github\fyp-rl-chess-cpp\fyp\x64\debug\fyp.tlog\link.command.1.tlog
d:\github\fyp-rl-chess-cpp\fyp\x64\debug\fyp.tlog\link.read.1.tlog
d:\github\fyp-rl-chess-cpp\fyp\x64\debug\fyp.tlog\link.write.1.tlog
